2016-10-23 19:39:54 - PHP Notice:  Error: Could not load template S:/xampp/htdocs/motorcustomize/catalog/view/theme/default/template/extension/module/slideshow.tpl! in S:\xampp\htdocs\motorcustomize\system\library\template\php.php on line 23
2016-10-23 22:03:43 - PHP Notice:  Undefined index: key in S:\xampp\htdocs\motorcustomize\catalog\view\theme\zmaxcart\template\common\cart.tpl on line 25
2016-10-23 22:09:44 - PHP Notice:  Undefined index: key in S:\xampp\htdocs\motorcustomize\catalog\view\theme\zmaxcart\template\common\cart.tpl on line 25
2016-10-23 22:10:04 - PHP Notice:  Undefined index: key in S:\xampp\htdocs\motorcustomize\catalog\view\theme\zmaxcart\template\common\cart.tpl on line 25
2016-10-23 22:10:05 - PHP Notice:  Undefined index: key in S:\xampp\htdocs\motorcustomize\catalog\view\theme\zmaxcart\template\common\cart.tpl on line 25
2016-10-23 22:10:06 - PHP Notice:  Undefined index: key in S:\xampp\htdocs\motorcustomize\catalog\view\theme\zmaxcart\template\common\cart.tpl on line 25
2016-10-23 22:14:24 - PHP Notice:  Undefined index: key in S:\xampp\htdocs\motorcustomize\catalog\view\theme\zmaxcart\template\common\cart.tpl on line 25
2016-10-23 22:15:33 - PHP Notice:  Undefined index: key in S:\xampp\htdocs\motorcustomize\catalog\view\theme\zmaxcart\template\common\cart.tpl on line 25
2016-10-23 22:17:32 - PHP Notice:  Undefined index: key in S:\xampp\htdocs\motorcustomize\catalog\view\theme\zmaxcart\template\common\cart.tpl on line 25
2016-10-23 22:19:29 - PHP Notice:  Undefined index: key in S:\xampp\htdocs\motorcustomize\catalog\view\theme\zmaxcart\template\common\cart.tpl on line 25
2016-10-23 22:19:41 - PHP Notice:  Undefined index: key in S:\xampp\htdocs\motorcustomize\catalog\view\theme\zmaxcart\template\common\cart.tpl on line 25
2016-10-23 22:20:40 - PHP Notice:  Undefined index: key in S:\xampp\htdocs\motorcustomize\catalog\view\theme\zmaxcart\template\common\cart.tpl on line 25
2016-10-23 22:20:58 - PHP Notice:  Undefined index: key in S:\xampp\htdocs\motorcustomize\catalog\view\theme\zmaxcart\template\common\cart.tpl on line 25
2016-10-23 22:21:03 - PHP Notice:  Undefined index: key in S:\xampp\htdocs\motorcustomize\catalog\view\theme\zmaxcart\template\common\cart.tpl on line 25
2016-10-23 22:25:56 - PHP Notice:  Undefined index: key in S:\xampp\htdocs\motorcustomize\catalog\view\theme\zmaxcart\template\common\cart.tpl on line 25
2016-10-23 22:25:58 - PHP Notice:  Undefined index: key in S:\xampp\htdocs\motorcustomize\catalog\view\theme\zmaxcart\template\common\cart.tpl on line 25
2016-10-23 22:30:05 - PHP Notice:  Undefined index: key in S:\xampp\htdocs\motorcustomize\catalog\view\theme\zmaxcart\template\common\cart.tpl on line 25
2016-10-23 22:32:41 - PHP Notice:  Undefined index: key in S:\xampp\htdocs\motorcustomize\catalog\view\theme\zmaxcart\template\common\cart.tpl on line 25
2016-10-23 22:32:59 - PHP Notice:  Undefined index: key in S:\xampp\htdocs\motorcustomize\catalog\view\theme\zmaxcart\template\common\cart.tpl on line 25
2016-10-23 22:33:15 - PHP Notice:  Undefined index: key in S:\xampp\htdocs\motorcustomize\catalog\view\theme\zmaxcart\template\common\cart.tpl on line 25
2016-10-23 22:33:25 - PHP Notice:  Undefined index: key in S:\xampp\htdocs\motorcustomize\catalog\view\theme\zmaxcart\template\common\cart.tpl on line 25
2016-10-23 22:35:14 - PHP Notice:  Undefined index: key in S:\xampp\htdocs\motorcustomize\catalog\view\theme\zmaxcart\template\common\cart.tpl on line 25
2016-10-23 22:36:03 - PHP Notice:  Undefined index: key in S:\xampp\htdocs\motorcustomize\catalog\view\theme\zmaxcart\template\common\cart.tpl on line 25
2016-10-23 22:36:07 - PHP Notice:  Undefined index: key in S:\xampp\htdocs\motorcustomize\catalog\view\theme\zmaxcart\template\common\cart.tpl on line 25
2016-10-23 22:36:39 - PHP Notice:  Undefined index: key in S:\xampp\htdocs\motorcustomize\catalog\view\theme\zmaxcart\template\common\cart.tpl on line 25
2016-10-23 22:36:40 - PHP Notice:  Undefined index: key in S:\xampp\htdocs\motorcustomize\catalog\view\theme\zmaxcart\template\checkout\cart.tpl on line 76
2016-10-23 22:36:40 - PHP Notice:  Undefined index: key in S:\xampp\htdocs\motorcustomize\catalog\view\theme\zmaxcart\template\checkout\cart.tpl on line 79
2016-10-23 22:36:40 - PHP Notice:  Undefined variable: coupon in S:\xampp\htdocs\motorcustomize\catalog\view\theme\zmaxcart\template\checkout\cart.tpl on line 100
2016-10-23 22:36:40 - PHP Notice:  Undefined variable: voucher in S:\xampp\htdocs\motorcustomize\catalog\view\theme\zmaxcart\template\checkout\cart.tpl on line 100
2016-10-23 22:36:40 - PHP Notice:  Undefined variable: reward in S:\xampp\htdocs\motorcustomize\catalog\view\theme\zmaxcart\template\checkout\cart.tpl on line 100
2016-10-23 22:36:40 - PHP Notice:  Undefined variable: shipping in S:\xampp\htdocs\motorcustomize\catalog\view\theme\zmaxcart\template\checkout\cart.tpl on line 100
2016-10-23 22:37:17 - PHP Notice:  Undefined index: key in S:\xampp\htdocs\motorcustomize\catalog\view\theme\zmaxcart\template\common\cart.tpl on line 25
2016-10-23 22:37:17 - PHP Notice:  Undefined index: key in S:\xampp\htdocs\motorcustomize\catalog\view\theme\zmaxcart\template\checkout\cart.tpl on line 76
2016-10-23 22:37:17 - PHP Notice:  Undefined index: key in S:\xampp\htdocs\motorcustomize\catalog\view\theme\zmaxcart\template\checkout\cart.tpl on line 79
2016-10-23 22:37:17 - PHP Notice:  Undefined variable: coupon in S:\xampp\htdocs\motorcustomize\catalog\view\theme\zmaxcart\template\checkout\cart.tpl on line 100
2016-10-23 22:37:17 - PHP Notice:  Undefined variable: voucher in S:\xampp\htdocs\motorcustomize\catalog\view\theme\zmaxcart\template\checkout\cart.tpl on line 100
2016-10-23 22:37:17 - PHP Notice:  Undefined variable: reward in S:\xampp\htdocs\motorcustomize\catalog\view\theme\zmaxcart\template\checkout\cart.tpl on line 100
2016-10-23 22:37:17 - PHP Notice:  Undefined variable: shipping in S:\xampp\htdocs\motorcustomize\catalog\view\theme\zmaxcart\template\checkout\cart.tpl on line 100
2016-10-23 22:37:18 - PHP Notice:  Undefined index: key in S:\xampp\htdocs\motorcustomize\catalog\view\theme\zmaxcart\template\common\cart.tpl on line 25
2016-10-23 22:37:18 - PHP Notice:  Undefined index: key in S:\xampp\htdocs\motorcustomize\catalog\view\theme\zmaxcart\template\checkout\cart.tpl on line 76
2016-10-23 22:37:18 - PHP Notice:  Undefined index: key in S:\xampp\htdocs\motorcustomize\catalog\view\theme\zmaxcart\template\checkout\cart.tpl on line 79
2016-10-23 22:37:18 - PHP Notice:  Undefined variable: coupon in S:\xampp\htdocs\motorcustomize\catalog\view\theme\zmaxcart\template\checkout\cart.tpl on line 100
2016-10-23 22:37:18 - PHP Notice:  Undefined variable: voucher in S:\xampp\htdocs\motorcustomize\catalog\view\theme\zmaxcart\template\checkout\cart.tpl on line 100
2016-10-23 22:37:18 - PHP Notice:  Undefined variable: reward in S:\xampp\htdocs\motorcustomize\catalog\view\theme\zmaxcart\template\checkout\cart.tpl on line 100
2016-10-23 22:37:18 - PHP Notice:  Undefined variable: shipping in S:\xampp\htdocs\motorcustomize\catalog\view\theme\zmaxcart\template\checkout\cart.tpl on line 100
2016-10-23 22:37:22 - PHP Notice:  Undefined index: key in S:\xampp\htdocs\motorcustomize\catalog\view\theme\zmaxcart\template\common\cart.tpl on line 25
2016-10-23 22:37:22 - PHP Notice:  Undefined index: key in S:\xampp\htdocs\motorcustomize\catalog\view\theme\zmaxcart\template\checkout\cart.tpl on line 76
2016-10-23 22:37:22 - PHP Notice:  Undefined index: key in S:\xampp\htdocs\motorcustomize\catalog\view\theme\zmaxcart\template\checkout\cart.tpl on line 79
2016-10-23 22:37:22 - PHP Notice:  Undefined variable: coupon in S:\xampp\htdocs\motorcustomize\catalog\view\theme\zmaxcart\template\checkout\cart.tpl on line 100
2016-10-23 22:37:22 - PHP Notice:  Undefined variable: voucher in S:\xampp\htdocs\motorcustomize\catalog\view\theme\zmaxcart\template\checkout\cart.tpl on line 100
2016-10-23 22:37:22 - PHP Notice:  Undefined variable: reward in S:\xampp\htdocs\motorcustomize\catalog\view\theme\zmaxcart\template\checkout\cart.tpl on line 100
2016-10-23 22:37:22 - PHP Notice:  Undefined variable: shipping in S:\xampp\htdocs\motorcustomize\catalog\view\theme\zmaxcart\template\checkout\cart.tpl on line 100
2016-10-23 22:37:25 - PHP Notice:  Undefined index: key in S:\xampp\htdocs\motorcustomize\catalog\view\theme\zmaxcart\template\common\cart.tpl on line 25
2016-10-23 22:37:25 - PHP Notice:  Undefined index: key in S:\xampp\htdocs\motorcustomize\catalog\view\theme\zmaxcart\template\checkout\cart.tpl on line 76
2016-10-23 22:37:25 - PHP Notice:  Undefined index: key in S:\xampp\htdocs\motorcustomize\catalog\view\theme\zmaxcart\template\checkout\cart.tpl on line 79
2016-10-23 22:37:25 - PHP Notice:  Undefined variable: coupon in S:\xampp\htdocs\motorcustomize\catalog\view\theme\zmaxcart\template\checkout\cart.tpl on line 100
2016-10-23 22:37:25 - PHP Notice:  Undefined variable: voucher in S:\xampp\htdocs\motorcustomize\catalog\view\theme\zmaxcart\template\checkout\cart.tpl on line 100
2016-10-23 22:37:25 - PHP Notice:  Undefined variable: reward in S:\xampp\htdocs\motorcustomize\catalog\view\theme\zmaxcart\template\checkout\cart.tpl on line 100
2016-10-23 22:37:25 - PHP Notice:  Undefined variable: shipping in S:\xampp\htdocs\motorcustomize\catalog\view\theme\zmaxcart\template\checkout\cart.tpl on line 100
2016-10-23 22:43:15 - PHP Notice:  Undefined index: key in S:\xampp\htdocs\motorcustomize\catalog\view\theme\zmaxcart\template\common\cart.tpl on line 25
2016-10-23 22:43:39 - PHP Notice:  Undefined index: key in S:\xampp\htdocs\motorcustomize\catalog\view\theme\zmaxcart\template\common\cart.tpl on line 25
2016-10-23 22:43:39 - PHP Notice:  Undefined index: key in S:\xampp\htdocs\motorcustomize\catalog\view\theme\zmaxcart\template\checkout\cart.tpl on line 76
2016-10-23 22:43:39 - PHP Notice:  Undefined index: key in S:\xampp\htdocs\motorcustomize\catalog\view\theme\zmaxcart\template\checkout\cart.tpl on line 79
2016-10-23 22:43:39 - PHP Notice:  Undefined variable: coupon in S:\xampp\htdocs\motorcustomize\catalog\view\theme\zmaxcart\template\checkout\cart.tpl on line 100
2016-10-23 22:43:39 - PHP Notice:  Undefined variable: voucher in S:\xampp\htdocs\motorcustomize\catalog\view\theme\zmaxcart\template\checkout\cart.tpl on line 100
2016-10-23 22:43:39 - PHP Notice:  Undefined variable: reward in S:\xampp\htdocs\motorcustomize\catalog\view\theme\zmaxcart\template\checkout\cart.tpl on line 100
2016-10-23 22:43:39 - PHP Notice:  Undefined variable: shipping in S:\xampp\htdocs\motorcustomize\catalog\view\theme\zmaxcart\template\checkout\cart.tpl on line 100
2016-10-23 22:43:46 - PHP Notice:  Undefined index: key in S:\xampp\htdocs\motorcustomize\catalog\view\theme\zmaxcart\template\common\cart.tpl on line 25
2016-10-23 22:43:46 - PHP Notice:  Undefined index: key in S:\xampp\htdocs\motorcustomize\catalog\view\theme\zmaxcart\template\checkout\cart.tpl on line 76
2016-10-23 22:43:46 - PHP Notice:  Undefined index: key in S:\xampp\htdocs\motorcustomize\catalog\view\theme\zmaxcart\template\checkout\cart.tpl on line 79
2016-10-23 22:43:46 - PHP Notice:  Undefined variable: coupon in S:\xampp\htdocs\motorcustomize\catalog\view\theme\zmaxcart\template\checkout\cart.tpl on line 100
2016-10-23 22:43:46 - PHP Notice:  Undefined variable: voucher in S:\xampp\htdocs\motorcustomize\catalog\view\theme\zmaxcart\template\checkout\cart.tpl on line 100
2016-10-23 22:43:46 - PHP Notice:  Undefined variable: reward in S:\xampp\htdocs\motorcustomize\catalog\view\theme\zmaxcart\template\checkout\cart.tpl on line 100
2016-10-23 22:43:46 - PHP Notice:  Undefined variable: shipping in S:\xampp\htdocs\motorcustomize\catalog\view\theme\zmaxcart\template\checkout\cart.tpl on line 100
2016-10-23 22:43:49 - PHP Notice:  Undefined index: key in S:\xampp\htdocs\motorcustomize\catalog\view\theme\zmaxcart\template\common\cart.tpl on line 25
2016-10-23 22:44:25 - PHP Notice:  Undefined index: key in S:\xampp\htdocs\motorcustomize\catalog\view\theme\zmaxcart\template\common\cart.tpl on line 25
2016-10-23 22:44:25 - PHP Notice:  Undefined variable: site_key in S:\xampp\htdocs\motorcustomize\catalog\view\theme\zmaxcart\template\product\product.tpl on line 104
2016-10-23 22:45:02 - PHP Notice:  Undefined index: key in S:\xampp\htdocs\motorcustomize\catalog\view\theme\zmaxcart\template\common\cart.tpl on line 25
